  [1m[35m (10.3ms)[0m  [1m[35mCREATE DATABASE `imageCollective_development` DEFAULT CHARACTER SET `utf8mb4`[0m
  [1m[35m (125.7ms)[0m  [1m[35mCREATE DATABASE `imageCollective_development` DEFAULT CHARACTER SET `utf8mb4`[0m
  [1m[35m (24.5ms)[0m  [1m[35mCREATE DATABASE `imageCollective_test` DEFAULT CHARACTER SET `utf8mb4`[0m
Started GET "/" for 127.0.0.1 at 2021-09-12 22:32:39 -0700
Processing by Rails::WelcomeController#index as HTML
  Rendering /home/erica/.rbenv/versions/3.0.2/lib/ruby/gems/3.0.0/gems/railties-6.1.4.1/lib/rails/templates/rails/welcome/index.html.erb
  Rendered /home/erica/.rbenv/versions/3.0.2/lib/ruby/gems/3.0.0/gems/railties-6.1.4.1/lib/rails/templates/rails/welcome/index.html.erb (Duration: 17.9ms | Allocations: 599)
Completed 200 OK in 64ms (Views: 24.7ms | ActiveRecord: 0.0ms | Allocations: 4736)


Started GET "/" for 127.0.0.1 at 2021-09-13 00:18:36 -0700
Processing by HomepageController#index as HTML
  Rendering layout layouts/application.html.erb
  Rendering homepage/index.html.erb within layouts/application
  Rendered homepage/index.html.erb within layouts/application (Duration: 11.3ms | Allocations: 358)
[Webpacker] Compiling...
[Webpacker] Compiled all packs in /home/erica/imageCollective/public/packs
[Webpacker] Hash: e2f281de3ea1fdc4fa5a
Version: webpack 4.46.0
Time: 6048ms
Built at: 09/13/2021 12:18:56 AM
                                     Asset       Size       Chunks                         Chunk Names
    js/application-be412d64645010827f4e.js    125 KiB  application  [emitted] [immutable]  application
js/application-be412d64645010827f4e.js.map    139 KiB  application  [emitted] [dev]        application
                             manifest.json  364 bytes               [emitted]              
Entrypoint application = js/application-be412d64645010827f4e.js js/application-be412d64645010827f4e.js.map
[./app/javascript/channels sync recursive _channel\.js$] ./app/javascript/channels sync _channel\.js$ 160 bytes {application} [built]
[./app/javascript/channels/index.js] 211 bytes {application} [built]
[./app/javascript/packs/application.js] 492 bytes {application} [built]
[./node_modules/webpack/buildin/module.js] (webpack)/buildin/module.js 552 bytes {application} [built]
    + 3 hidden modules

  Rendered layout layouts/application.html.erb (Duration: 18597.6ms | Allocations: 14805)
Completed 200 OK in 18683ms (Views: 18621.3ms | ActiveRecord: 0.0ms | Allocations: 18344)


